Build started 5/2/2018 9:50:33 AM.
     1>Project "C:\Users\Dell\Documents\Visual Studio 2010\Projects\2048-SDL\game2048\game2048.vcxproj" on node 2 (build target(s)).
     1>InitializeBuildStatus:
         Creating "Debug\game2048.unsuccessfulbuild" because "AlwaysCreate" was specified.
       ClCompile:
         C:\Program Files (x86)\Microsoft Visual Studio 10.0\VC\bin\CL.exe /c /ZI /nologo /W3 /WX- /Od /Oy- /D _MBCS /Gm /EHsc /RTC1 /MDd /GS /fp:precise /Zc:wchar_t /Zc:forScope /Fo"Debug\\" /Fd"Debug\vc100.pdb" /Gd /TP /analyze- /errorReport:prompt draw.cpp
         draw.cpp
       Link:
         C:\Program Files (x86)\Microsoft Visual Studio 10.0\VC\bin\link.exe /ERRORREPORT:PROMPT /OUT:"C:\Users\Dell\Documents\Visual Studio 2010\Projects\2048-SDL\Debug\game2048.exe" /NOLOGO SDL2.lib SDL2main.lib SDL2_image.lib SDL2_mixer.lib SDL2_ttf.lib kernel32.lib user32.lib gdi32.lib winspool.lib comdlg32.lib advapi32.lib shell32.lib ole32.lib oleaut32.lib uuid.lib odbc32.lib odbccp32.lib /MANIFEST /ManifestFile:"Debug\game2048.exe.intermediate.manifest" /MANIFESTUAC:"level='asInvoker' uiAccess='false'" /DEBUG /PDB:"C:\Users\Dell\Documents\Visual Studio 2010\Projects\2048-SDL\Debug\game2048.pdb" /SUBSYSTEM:CONSOLE /TLBID:1 /DYNAMICBASE /NXCOMPAT /IMPLIB:"C:\Users\Dell\Documents\Visual Studio 2010\Projects\2048-SDL\Debug\game2048.lib" /MACHINE:X86 Debug\AppGame.obj
         Debug\draw.obj
         Debug\globalvars.obj
         Debug\main.obj
         LINK : C:\Users\Dell\Documents\Visual Studio 2010\Projects\2048-SDL\Debug\game2048.exe not found or not built by the last incremental link; performing full link
         game2048.vcxproj -> C:\Users\Dell\Documents\Visual Studio 2010\Projects\2048-SDL\Debug\game2048.exe
       Manifest:
         C:\Program Files (x86)\Microsoft SDKs\Windows\v7.0A\bin\mt.exe /nologo /verbose /outputresource:"C:\Users\Dell\Documents\Visual Studio 2010\Projects\2048-SDL\Debug\game2048.exe;#1" /manifest Debug\game2048.exe.intermediate.manifest
       FinalizeBuildStatus:
         Deleting file "Debug\game2048.unsuccessfulbuild".
         Touching "Debug\game2048.lastbuildstate".
     1>Done Building Project "C:\Users\Dell\Documents\Visual Studio 2010\Projects\2048-SDL\game2048\game2048.vcxproj" (build target(s)).

Build succeeded.

Time Elapsed 00:00:01.83
